2020-05-15 10:04:31,274 INFO  [org.jboss.modules] (main) JBoss Modules version 1.9.1.Final
2020-05-15 10:04:32,353 INFO  [org.jboss.msc] (main) JBoss MSC version 1.4.11.Final
2020-05-15 10:04:32,374 INFO  [org.jboss.threads] (main) JBoss Threads version 2.3.3.Final
2020-05-15 10:04:32,732 INFO  [org.jboss.as] (MSC service thread 1-2) WFLYSRV0049: Keycloak 9.0.2 (WildFly Core 10.0.3.Final) starting
2020-05-15 10:04:32,739 DEBUG [org.jboss.as.config] (MSC service thread 1-2) Configured system properties:
	[Standalone] = 
	awt.toolkit = sun.awt.X11.XToolkit
	file.encoding = UTF-8
	file.separator = /
	java.awt.graphicsenv = sun.awt.X11GraphicsEnvironment
	java.awt.headless = true
	java.awt.printerjob = sun.print.PSPrinterJob
	java.class.path = /opt/keycloak/jboss-modules.jar
	java.class.version = 55.0
	java.home = /usr/local/openjdk-11
	java.io.tmpdir = /tmp
	java.library.path = /usr/java/packages/lib:/usr/lib64:/lib64:/lib:/usr/lib
	java.net.preferIPv4Stack = true
	java.runtime.name = OpenJDK Runtime Environment
	java.runtime.version = 11.0.6+10
	java.specification.name = Java Platform API Specification
	java.specification.vendor = Oracle Corporation
	java.specification.version = 11
	java.util.logging.manager = org.jboss.logmanager.LogManager
	java.vendor = Oracle Corporation
	java.vendor.url = http://java.oracle.com/
	java.vendor.url.bug = http://bugreport.java.com/bugreport/
	java.vendor.version = 18.9
	java.version = 11.0.6
	java.version.date = 2020-01-14
	java.vm.compressedOopsMode = 32-bit
	java.vm.info = mixed mode
	java.vm.name = OpenJDK 64-Bit Server VM
	java.vm.specification.name = Java Virtual Machine Specification
	java.vm.specification.vendor = Oracle Corporation
	java.vm.specification.version = 11
	java.vm.vendor = Oracle Corporation
	java.vm.version = 11.0.6+10
	javax.management.builder.initial = org.jboss.as.jmx.PluggableMBeanServerBuilder
	jboss.bind.address = 172.19.0.6
	jboss.bind.address.management = 172.19.0.6
	jboss.bind.address.private = 172.19.0.6
	jboss.home.dir = /opt/keycloak
	jboss.host.name = 19bdbf141ea4
	jboss.http.port = 8880
	jboss.https.port = 8843
	jboss.jgroups.tcp.port = 7600
	jboss.management.http.port = 8990
	jboss.management.https.port = 9993
	jboss.modules.dir = /opt/keycloak/modules
	jboss.modules.system.pkgs = org.jboss.byteman
	jboss.node.name = 19bdbf141ea4
	jboss.qualified.host.name = 19bdbf141ea4
	jboss.server.base.dir = /opt/keycloak/standalone
	jboss.server.config.dir = /opt/keycloak/standalone/configuration
	jboss.server.data.dir = /opt/keycloak/standalone/data
	jboss.server.deploy.dir = /opt/keycloak/standalone/data/content
	jboss.server.log.dir = /opt/keycloak/standalone/log
	jboss.server.name = 19bdbf141ea4
	jboss.server.persist.config = true
	jboss.server.temp.dir = /opt/keycloak/standalone/tmp
	jdk.debug = release
	keycloak.import = /opt/keycloak/standalone/configuration/dcm4che-realm.json
	line.separator = 

	logging.configuration = file:/opt/keycloak/standalone/configuration/logging.properties
	module.path = /opt/keycloak/modules
	org.jboss.boot.log.file = /opt/keycloak/standalone/log/server.log
	org.jboss.resolver.warning = true
	os.arch = amd64
	os.name = Linux
	os.version = 4.19.76-linuxkit
	path.separator = :
	sun.arch.data.model = 64
	sun.boot.library.path = /usr/local/openjdk-11/lib
	sun.cpu.endian = little
	sun.cpu.isalist = 
	sun.io.unicode.encoding = UnicodeLittle
	sun.java.command = /opt/keycloak/jboss-modules.jar -mp /opt/keycloak/modules org.jboss.as.standalone -Djboss.home.dir=/opt/keycloak -Djboss.server.base.dir=/opt/keycloak/standalone -c keycloak-logstash.xml -Djboss.bind.address=172.19.0.6 -Djboss.bind.address.management=172.19.0.6 -Djboss.bind.address.private=172.19.0.6 -Djboss.management.http.port=8990 -Djboss.management.https.port=9993 -Djboss.http.port=8880 -Djboss.https.port=8843 -Djboss.jgroups.tcp.port=7600 -Dkeycloak.import=/opt/keycloak/standalone/configuration/dcm4che-realm.json
	sun.java.launcher = SUN_STANDARD
	sun.jnu.encoding = UTF-8
	sun.management.compiler = HotSpot 64-Bit Tiered Compilers
	sun.os.patch.level = unknown
	user.dir = /
	user.home = /opt/keycloak
	user.language = en
	user.name = keycloak
	user.timezone = Etc/UTC
2020-05-15 10:04:32,746 DEBUG [org.jboss.as.config] (MSC service thread 1-2) VM Arguments: -D[Standalone] -Xms64m -Xmx512m -XX:MetaspaceSize=96M -XX:MaxMetaspaceSize=256m -Djava.net.preferIPv4Stack=true -Djboss.modules.system.pkgs=org.jboss.byteman -Djava.awt.headless=true --add-exports=java.base/sun.nio.ch=ALL-UNNAMED --add-exports=jdk.unsupported/sun.misc=ALL-UNNAMED --add-exports=jdk.unsupported/sun.reflect=ALL-UNNAMED -Dorg.jboss.boot.log.file=/opt/keycloak/standalone/log/server.log -Dlogging.configuration=file:/opt/keycloak/standalone/configuration/logging.properties 
2020-05-15 10:04:36,142 INFO  [org.wildfly.security] (ServerService Thread Pool -- 20) ELY00001: WildFly Elytron version 1.10.4.Final
2020-05-15 10:07:07,107 INFO  [org.jboss.as.server] (Controller Boot Thread) WFLYSRV0041: Creating http management service using socket-binding (management-http) and secure-socket-binding (management-https)
2020-05-15 10:07:07,189 WARN  [org.jboss.as.server] (Controller Boot Thread) WFLYSRV0035: No security realm or http server authentication defined for http management service; all access will be unrestricted.
2020-05-15 10:07:07,333 INFO  [org.xnio] (MSC service thread 1-3) XNIO version 3.7.3.Final
2020-05-15 10:07:07,400 INFO  [org.xnio.nio] (MSC service thread 1-3) XNIO NIO Implementation Version 3.7.3.Final
2020-05-15 10:07:07,635 INFO  [org.jboss.as.clustering.infinispan] (ServerService Thread Pool -- 62) WFLYCLINF0001: Activating Infinispan subsystem.
2020-05-15 10:07:07,730 WARN  [org.jboss.as.txn] (ServerService Thread Pool -- 74) WFLYTX0013: The node-identifier attribute on the /subsystem=transactions is set to the default value. This is a danger for environments running multiple servers. Please make sure the attribute value is unique.
2020-05-15 10:07:07,691 INFO  [org.jboss.as.naming] (ServerService Thread Pool -- 68) WFLYNAM0001: Activating Naming Subsystem
2020-05-15 10:07:07,768 INFO  [org.jboss.remoting] (MSC service thread 1-2) JBoss Remoting version 5.0.15.Final
2020-05-15 10:07:07,792 INFO  [org.wildfly.extension.io] (ServerService Thread Pool -- 61) WFLYIO001: Worker 'default' has auto-configured to 16 core threads with 128 task threads based on your 8 available processors
2020-05-15 10:07:07,823 INFO  [org.wildfly.extension.microprofile.config.smallrye._private] (ServerService Thread Pool -- 76) WFLYCONF0001: Activating WildFly MicroProfile Config Subsystem
2020-05-15 10:07:07,837 INFO  [org.jboss.as.security] (ServerService Thread Pool -- 73) WFLYSEC0002: Activating Security Subsystem
2020-05-15 10:07:07,849 INFO  [org.jboss.as.jaxrs] (ServerService Thread Pool -- 63) WFLYRS0016: RESTEasy version 3.9.1.Final
2020-05-15 10:07:07,853 INFO  [org.wildfly.extension.microprofile.metrics.smallrye] (ServerService Thread Pool -- 78) WFLYMETRICS0001: Activating Eclipse MicroProfile Metrics Subsystem
2020-05-15 10:07:07,860 INFO  [org.jboss.as.security] (MSC service thread 1-8) WFLYSEC0001: Current PicketBox version=5.0.3.Final
2020-05-15 10:07:07,875 INFO  [org.wildfly.extension.microprofile.health.smallrye] (ServerService Thread Pool -- 77) WFLYHEALTH0001: Activating Eclipse MicroProfile Health Subsystem
2020-05-15 10:07:07,921 INFO  [org.wildfly.extension.undertow] (MSC service thread 1-6) WFLYUT0003: Undertow 2.0.27.Final starting
2020-05-15 10:07:07,941 INFO  [org.jboss.as.naming] (MSC service thread 1-4) WFLYNAM0003: Starting Naming Service
2020-05-15 10:07:07,941 INFO  [org.jboss.as.mail.extension] (MSC service thread 1-7) WFLYMAIL0001: Bound mail session [java:jboss/mail/Default]
2020-05-15 10:07:07,957 INFO  [org.jboss.as.connector] (MSC service thread 1-6) WFLYJCA0009: Starting JCA Subsystem (WildFly/IronJacamar 1.4.17.Final)
2020-05-15 10:07:08,059 INFO  [org.jboss.as.connector.subsystems.datasources] (ServerService Thread Pool -- 57) WFLYJCA0004: Deploying JDBC-compliant driver class org.h2.Driver (version 1.4)
2020-05-15 10:07:08,102 INFO  [org.jboss.as.connector.deployers.jdbc] (MSC service thread 1-7) WFLYJCA0018: Started Driver service with driver-name = h2
2020-05-15 10:07:08,176 WARN  [org.wildfly.clustering.web.undertow] (ServerService Thread Pool -- 79) WFLYCLWEBUT0007: No routing provider found for default-server; using legacy provider based on static configuration
2020-05-15 10:07:08,714 INFO  [org.wildfly.extension.undertow] (ServerService Thread Pool -- 79) WFLYUT0014: Creating file handler for path '/opt/keycloak/welcome-content' with options [directory-listing: 'false', follow-symlink: 'false', case-sensitive: 'true', safe-symlink-paths: '[]']
2020-05-15 10:07:08,808 INFO  [org.jboss.as.ejb3] (MSC service thread 1-5) WFLYEJB0481: Strict pool slsb-strict-max-pool is using a max instance size of 128 (per class), which is derived from thread worker pool sizing.
2020-05-15 10:07:08,795 INFO  [org.jboss.as.ejb3] (MSC service thread 1-7) WFLYEJB0482: Strict pool mdb-strict-max-pool is using a max instance size of 32 (per class), which is derived from the number of CPUs on this host.
2020-05-15 10:07:08,901 INFO  [org.wildfly.extension.undertow] (MSC service thread 1-5) WFLYUT0012: Started server default-server.
2020-05-15 10:07:08,933 INFO  [org.wildfly.extension.undertow] (MSC service thread 1-3) WFLYUT0018: Host default-host starting
2020-05-15 10:07:09,273 INFO  [org.wildfly.extension.undertow] (MSC service thread 1-5) WFLYUT0006: Undertow HTTP listener default listening on 172.19.0.6:8880
2020-05-15 10:07:09,731 INFO  [org.jboss.as.ejb3] (MSC service thread 1-1) WFLYEJB0493: EJB subsystem suspension complete
2020-05-15 10:07:09,891 INFO  [org.wildfly.extension.undertow] (MSC service thread 1-3) WFLYUT0006: Undertow HTTPS listener https listening on 172.19.0.6:8843
2020-05-15 10:07:09,906 INFO  [org.jboss.as.patching] (MSC service thread 1-2) WFLYPAT0050: Keycloak cumulative patch ID is: base, one-off patches include: none
2020-05-15 10:07:09,983 WARN  [org.jboss.as.remoting] (MSC service thread 1-5) ****** All authentication is ANONYMOUS for org.jboss.as.remoting.RemotingHttpUpgradeService
2020-05-15 10:07:10,022 INFO  [org.jboss.as.connector.subsystems.datasources] (MSC service thread 1-7) WFLYJCA0001: Bound data source [java:jboss/datasources/ExampleDS]
2020-05-15 10:07:10,026 INFO  [org.jboss.as.connector.subsystems.datasources] (MSC service thread 1-7) WFLYJCA0001: Bound data source [java:jboss/datasources/KeycloakDS]
2020-05-15 10:07:10,158 INFO  [org.jboss.as.server.deployment.scanner] (MSC service thread 1-4) WFLYDS0013: Started FileSystemDeploymentService for directory /opt/keycloak/standalone/deployments
2020-05-15 10:07:10,201 INFO  [org.jboss.as.server.deployment] (MSC service thread 1-5) WFLYSRV0027: Starting deployment of "keycloak-server.war" (runtime-name: "keycloak-server.war")
2020-05-15 10:07:11,773 INFO  [org.infinispan.factories.GlobalComponentRegistry] (MSC service thread 1-1) ISPN000128: Infinispan version: Infinispan 'Infinity Minus ONE +2' 9.4.16.Final
2020-05-15 10:07:12,691 INFO  [org.jboss.as.clustering.infinispan] (ServerService Thread Pool -- 86) WFLYCLINF0002: Started authenticationSessions cache from keycloak container
2020-05-15 10:07:12,695 INFO  [org.jboss.as.clustering.infinispan] (ServerService Thread Pool -- 90) WFLYCLINF0002: Started realms cache from keycloak container
2020-05-15 10:07:12,698 INFO  [org.jboss.as.clustering.infinispan] (ServerService Thread Pool -- 91) WFLYCLINF0002: Started work cache from keycloak container
2020-05-15 10:07:12,698 INFO  [org.jboss.as.clustering.infinispan] (ServerService Thread Pool -- 87) WFLYCLINF0002: Started clientSessions cache from keycloak container
2020-05-15 10:07:12,697 INFO  [org.jboss.as.clustering.infinispan] (ServerService Thread Pool -- 82) WFLYCLINF0002: Started actionTokens cache from keycloak container
2020-05-15 10:07:12,697 INFO  [org.jboss.as.clustering.infinispan] (ServerService Thread Pool -- 85) WFLYCLINF0002: Started offlineSessions cache from keycloak container
2020-05-15 10:07:12,702 INFO  [org.jboss.as.clustering.infinispan] (ServerService Thread Pool -- 84) WFLYCLINF0002: Started authorization cache from keycloak container
2020-05-15 10:07:12,701 INFO  [org.jboss.as.clustering.infinispan] (ServerService Thread Pool -- 89) WFLYCLINF0002: Started users cache from keycloak container
2020-05-15 10:07:12,699 INFO  [org.jboss.as.clustering.infinispan] (ServerService Thread Pool -- 92) WFLYCLINF0002: Started sessions cache from keycloak container
2020-05-15 10:07:12,699 INFO  [org.jboss.as.clustering.infinispan] (ServerService Thread Pool -- 88) WFLYCLINF0002: Started loginFailures cache from keycloak container
2020-05-15 10:07:12,698 INFO  [org.jboss.as.clustering.infinispan] (ServerService Thread Pool -- 83) WFLYCLINF0002: Started offlineClientSessions cache from keycloak container
2020-05-15 10:07:12,706 INFO  [org.jboss.as.clustering.infinispan] (ServerService Thread Pool -- 81) WFLYCLINF0002: Started keys cache from keycloak container
2020-05-15 10:07:12,990 INFO  [org.jboss.as.clustering.infinispan] (ServerService Thread Pool -- 93) WFLYCLINF0002: Started client-mappings cache from ejb container
2020-05-15 10:07:13,151 WARN  [org.jboss.as.server.deployment] (MSC service thread 1-3) WFLYSRV0273: Excluded subsystem webservices via jboss-deployment-structure.xml does not exist.
2020-05-15 10:07:15,326 INFO  [org.keycloak.services] (ServerService Thread Pool -- 81) KC-SERVICES0001: Loading config from standalone.xml or domain.xml
2020-05-15 10:07:15,803 WARN  [org.keycloak.services] (ServerService Thread Pool -- 81) KC-SERVICES0047: dcm4che-audit (org.dcm4che3.audit.keycloak.Dcm4cheEventListenerProviderFactory) is implementing the internal SPI eventsListener. This SPI is internal and may change without notice
2020-05-15 10:07:18,137 INFO  [org.jboss.as.clustering.infinispan] (ServerService Thread Pool -- 81) WFLYCLINF0002: Started realmRevisions cache from keycloak container
2020-05-15 10:07:18,162 INFO  [org.jboss.as.clustering.infinispan] (ServerService Thread Pool -- 81) WFLYCLINF0002: Started userRevisions cache from keycloak container
2020-05-15 10:07:18,208 INFO  [org.jboss.as.clustering.infinispan] (ServerService Thread Pool -- 81) WFLYCLINF0002: Started authorizationRevisions cache from keycloak container
2020-05-15 10:07:18,214 INFO  [org.keycloak.connections.infinispan.DefaultInfinispanConnectionProviderFactory] (ServerService Thread Pool -- 81) Node name: 19bdbf141ea4, Site name: null
2020-05-15 10:07:25,072 INFO  [org.keycloak.connections.jpa.updater.liquibase.LiquibaseJpaUpdaterProvider] (ServerService Thread Pool -- 81) Initializing database schema. Using changelog META-INF/jpa-changelog-master.xml
2020-05-15 10:07:27,447 INFO  [org.hibernate.jpa.internal.util.LogHelper] (ServerService Thread Pool -- 81) HHH000204: Processing PersistenceUnitInfo [
	name: keycloak-default
	...]
2020-05-15 10:07:27,650 INFO  [org.hibernate.Version] (ServerService Thread Pool -- 81) HHH000412: Hibernate Core {5.3.13.Final}
2020-05-15 10:07:27,658 INFO  [org.hibernate.cfg.Environment] (ServerService Thread Pool -- 81) HHH000206: hibernate.properties not found
2020-05-15 10:07:28,075 INFO  [org.hibernate.annotations.common.Version] (ServerService Thread Pool -- 81) HCANN000001: Hibernate Commons Annotations {5.0.5.Final}
2020-05-15 10:07:28,525 INFO  [org.hibernate.dialect.Dialect] (ServerService Thread Pool -- 81) HHH000400: Using dialect: org.hibernate.dialect.H2Dialect
2020-05-15 10:07:28,540 WARN  [org.hibernate.dialect.H2Dialect] (ServerService Thread Pool -- 81) HHH000431: Unable to determine H2 database version, certain features may not work
2020-05-15 10:07:28,625 INFO  [org.hibernate.envers.boot.internal.EnversServiceImpl] (ServerService Thread Pool -- 81) Envers integration enabled? : true
2020-05-15 10:07:29,576 INFO  [org.hibernate.orm.beans] (ServerService Thread Pool -- 81) HHH10005002: No explicit CDI BeanManager reference was passed to Hibernate, but CDI is available on the Hibernate ClassLoader.
2020-05-15 10:07:29,688 INFO  [org.hibernate.validator.internal.util.Version] (ServerService Thread Pool -- 81) HV000001: Hibernate Validator 6.0.18.Final
2020-05-15 10:07:31,691 INFO  [org.hibernate.hql.internal.QueryTranslatorFactoryInitiator] (ServerService Thread Pool -- 81) HHH000397: Using ASTQueryTranslatorFactory
2020-05-15 10:07:32,746 INFO  [org.keycloak.services] (ServerService Thread Pool -- 81) KC-SERVICES0050: Initializing master realm
2020-05-15 10:07:38,072 INFO  [org.keycloak.services] (ServerService Thread Pool -- 81) KC-SERVICES0004: Imported realm dcm4che from file /opt/keycloak/standalone/configuration/dcm4che-realm.json.
2020-05-15 10:07:38,308 INFO  [org.jboss.resteasy.resteasy_jaxrs.i18n] (ServerService Thread Pool -- 81) RESTEASY002225: Deploying javax.ws.rs.core.Application: class org.keycloak.services.resources.KeycloakApplication
2020-05-15 10:07:38,312 INFO  [org.jboss.resteasy.resteasy_jaxrs.i18n] (ServerService Thread Pool -- 81) RESTEASY002200: Adding class resource org.keycloak.services.resources.ThemeResource from Application class org.keycloak.services.resources.KeycloakApplication
2020-05-15 10:07:38,313 INFO  [org.jboss.resteasy.resteasy_jaxrs.i18n] (ServerService Thread Pool -- 81) RESTEASY002205: Adding provider class org.keycloak.services.filters.KeycloakTransactionCommitter from Application class org.keycloak.services.resources.KeycloakApplication
2020-05-15 10:07:38,314 INFO  [org.jboss.resteasy.resteasy_jaxrs.i18n] (ServerService Thread Pool -- 81) RESTEASY002205: Adding provider class org.keycloak.services.error.KeycloakErrorHandler from Application class org.keycloak.services.resources.KeycloakApplication
2020-05-15 10:07:38,315 INFO  [org.jboss.resteasy.resteasy_jaxrs.i18n] (ServerService Thread Pool -- 81) RESTEASY002200: Adding class resource org.keycloak.services.resources.JsResource from Application class org.keycloak.services.resources.KeycloakApplication
2020-05-15 10:07:38,316 INFO  [org.jboss.resteasy.resteasy_jaxrs.i18n] (ServerService Thread Pool -- 81) RESTEASY002210: Adding provider singleton org.keycloak.services.util.ObjectMapperResolver from Application class org.keycloak.services.resources.KeycloakApplication
2020-05-15 10:07:38,316 INFO  [org.jboss.resteasy.resteasy_jaxrs.i18n] (ServerService Thread Pool -- 81) RESTEASY002220: Adding singleton resource org.keycloak.services.resources.admin.AdminRoot from Application class org.keycloak.services.resources.KeycloakApplication
2020-05-15 10:07:38,317 INFO  [org.jboss.resteasy.resteasy_jaxrs.i18n] (ServerService Thread Pool -- 81) RESTEASY002220: Adding singleton resource org.keycloak.services.resources.WelcomeResource from Application class org.keycloak.services.resources.KeycloakApplication
2020-05-15 10:07:38,318 INFO  [org.jboss.resteasy.resteasy_jaxrs.i18n] (ServerService Thread Pool -- 81) RESTEASY002220: Adding singleton resource org.keycloak.services.resources.RealmsResource from Application class org.keycloak.services.resources.KeycloakApplication
2020-05-15 10:07:38,319 INFO  [org.jboss.resteasy.resteasy_jaxrs.i18n] (ServerService Thread Pool -- 81) RESTEASY002220: Adding singleton resource org.keycloak.services.resources.RobotsResource from Application class org.keycloak.services.resources.KeycloakApplication
2020-05-15 10:07:38,536 INFO  [org.wildfly.extension.undertow] (ServerService Thread Pool -- 81) WFLYUT0021: Registered web context: '/auth' for server 'default-server'
2020-05-15 10:07:38,693 INFO  [org.jboss.as.server] (ServerService Thread Pool -- 80) WFLYSRV0010: Deployed "keycloak-server.war" (runtime-name : "keycloak-server.war")
2020-05-15 10:07:38,851 INFO  [org.jboss.as.server] (Controller Boot Thread) WFLYSRV0212: Resuming server
2020-05-15 10:07:38,857 INFO  [org.jboss.as] (Controller Boot Thread) WFLYSRV0062: Http management interface listening on http://172.19.0.6:8990/management and https://172.19.0.6:9993/management
2020-05-15 10:07:38,858 INFO  [org.jboss.as] (Controller Boot Thread) WFLYSRV0053: Admin console listening on http://172.19.0.6:8990 and https://172.19.0.6:9993
2020-05-15 10:07:38,859 INFO  [org.jboss.as] (Controller Boot Thread) WFLYSRV0025: Keycloak 9.0.2 (WildFly Core 10.0.3.Final) started in 188817ms - Started 594 of 888 services (600 services are lazy, passive or on-demand)
2020-05-15 10:08:00,772 WARN  [org.keycloak.url.RequestHostnameProviderFactory] (default task-1) request hostname provider is deprecated, please switch to the default hostname provider
2020-05-15 10:08:05,551 INFO  [org.keycloak.storage.ldap.LDAPIdentityStoreRegistry] (default task-7) Creating new LDAP Store for the LDAP storage provider: 'ldap', LDAP Configuration: {fullSyncPeriod=[-1], pagination=[true], usersDn=[ou=users,dc=dcm4che,dc=org], connectionPooling=[true], cachePolicy=[DEFAULT], useKerberosForPasswordAuthentication=[false], importEnabled=[true], changedSyncPeriod=[-1], bindDn=[cn=admin,dc=dcm4che,dc=org], usernameLDAPAttribute=[uid], lastSync=[1502608592], vendor=[other], uuidLDAPAttribute=[entryUUID], allowKerberosAuthentication=[false], connectionUrl=[ldap://ldap:389], syncRegistrations=[true], authType=[simple], debug=[false], searchScope=[1], useTruststoreSpi=[ldapsOnly], priority=[0], userObjectClasses=[inetOrgPerson, organizationalPerson], rdnLDAPAttribute=[uid], editMode=[WRITABLE], validatePasswordPolicy=[false], batchSizeForSync=[1000]}, binaryAttributes: []
2020-05-15 10:08:06,330 INFO  [org.dcm4che3.net.Connection] (default task-7) Initiate connection from /0.0.0.0:0 to logstash:8514
2020-05-15 10:08:06,332 INFO  [org.dcm4che3.net.Connection] (default task-7) Established connection Socket[addr=logstash/172.19.0.5,port=8514,localport=35571]
2020-05-15 10:08:06,332 INFO  [org.dcm4che3.net.audit.AuditLogger] (default task-7) Send audit message to Socket[addr=logstash/172.19.0.5,port=8514,localport=35571]
2020-05-15 10:08:06,334 INFO  [stdout] (default task-7) log send status: SENT
2020-05-15 10:08:06,390 INFO  [org.dcm4che3.net.audit.AuditLogger] (default task-7) Send audit message to Socket[addr=logstash/172.19.0.5,port=8514,localport=35571]
2020-05-15 10:08:06,391 INFO  [stdout] (default task-7) log send status: SENT
2020-05-15 10:10:26,298 INFO  [org.dcm4che3.net.Connection] (default task-8) Initiate connection from /0.0.0.0:0 to logstash:8514
2020-05-15 10:10:26,300 INFO  [org.dcm4che3.net.Connection] (default task-8) Established connection Socket[addr=logstash/172.19.0.5,port=8514,localport=55431]
2020-05-15 10:10:26,300 INFO  [org.dcm4che3.net.audit.AuditLogger] (default task-8) Send audit message to Socket[addr=logstash/172.19.0.5,port=8514,localport=55431]
2020-05-15 10:10:26,302 INFO  [stdout] (default task-8) log send status: SENT
2020-05-15 10:11:21,511 INFO  [org.dcm4che3.net.Connection] (default task-24) Initiate connection from /0.0.0.0:0 to logstash:8514
2020-05-15 10:11:21,513 INFO  [org.dcm4che3.net.Connection] (default task-24) Established connection Socket[addr=logstash/172.19.0.5,port=8514,localport=40649]
2020-05-15 10:11:21,513 INFO  [org.dcm4che3.net.audit.AuditLogger] (default task-24) Send audit message to Socket[addr=logstash/172.19.0.5,port=8514,localport=40649]
2020-05-15 10:11:21,514 INFO  [stdout] (default task-24) log send status: SENT
2020-05-15 10:12:06,700 INFO  [org.dcm4che3.net.Connection] (default task-25) Initiate connection from /0.0.0.0:0 to logstash:8514
2020-05-15 10:12:06,702 INFO  [org.dcm4che3.net.Connection] (default task-25) Established connection Socket[addr=logstash/172.19.0.5,port=8514,localport=57887]
2020-05-15 10:12:06,702 INFO  [org.dcm4che3.net.audit.AuditLogger] (default task-25) Send audit message to Socket[addr=logstash/172.19.0.5,port=8514,localport=57887]
2020-05-15 10:12:06,703 INFO  [stdout] (default task-25) log send status: SENT
2020-05-15 10:12:06,708 INFO  [org.dcm4che3.net.audit.AuditLogger] (default task-25) Send audit message to Socket[addr=logstash/172.19.0.5,port=8514,localport=57887]
2020-05-15 10:12:06,709 INFO  [stdout] (default task-25) log send status: SENT
2020-05-15 10:14:51,411 INFO  [org.jboss.as.server] (Thread-1) WFLYSRV0272: Suspending server
2020-05-15 10:14:51,426 INFO  [org.jboss.as.ejb3] (Thread-1) WFLYEJB0493: EJB subsystem suspension complete
2020-05-15 10:14:51,430 INFO  [org.jboss.as.server] (Thread-1) WFLYSRV0220: Server shutdown has been requested via an OS signal
2020-05-15 10:14:51,531 INFO  [org.jboss.as.connector.subsystems.datasources] (MSC service thread 1-2) WFLYJCA0010: Unbound data source [java:jboss/datasources/KeycloakDS]
2020-05-15 10:14:51,540 INFO  [org.jboss.as.mail.extension] (MSC service thread 1-1) WFLYMAIL0002: Unbound mail session [java:jboss/mail/Default]
2020-05-15 10:14:51,543 INFO  [org.wildfly.extension.undertow] (MSC service thread 1-3) WFLYUT0008: Undertow HTTPS listener https suspending
2020-05-15 10:14:51,547 INFO  [org.wildfly.extension.undertow] (ServerService Thread Pool -- 35) WFLYUT0022: Unregistered web context: '/auth' from server 'default-server'
2020-05-15 10:14:51,555 INFO  [org.wildfly.extension.undertow] (MSC service thread 1-3) WFLYUT0007: Undertow HTTPS listener https stopped, was bound to 172.19.0.6:8843
2020-05-15 10:14:51,602 INFO  [org.jboss.as.connector.subsystems.datasources] (MSC service thread 1-7) WFLYJCA0010: Unbound data source [java:jboss/datasources/ExampleDS]
2020-05-15 10:14:51,606 INFO  [org.wildfly.extension.undertow] (MSC service thread 1-4) WFLYUT0019: Host default-host stopping
2020-05-15 10:14:51,619 INFO  [org.jboss.as.clustering.infinispan] (ServerService Thread Pool -- 35) WFLYCLINF0003: Stopped loginFailures cache from keycloak container
2020-05-15 10:14:51,628 INFO  [org.jboss.as.clustering.infinispan] (ServerService Thread Pool -- 96) WFLYCLINF0003: Stopped client-mappings cache from ejb container
2020-05-15 10:14:51,639 INFO  [org.jboss.as.connector.deployers.jdbc] (MSC service thread 1-3) WFLYJCA0019: Stopped Driver service with driver-name = h2
2020-05-15 10:14:51,643 INFO  [org.jboss.as.clustering.infinispan] (ServerService Thread Pool -- 105) WFLYCLINF0003: Stopped work cache from keycloak container
2020-05-15 10:14:51,642 INFO  [org.jboss.as.clustering.infinispan] (ServerService Thread Pool -- 101) WFLYCLINF0003: Stopped keys cache from keycloak container
2020-05-15 10:14:51,645 INFO  [org.jboss.as.clustering.infinispan] (ServerService Thread Pool -- 103) WFLYCLINF0003: Stopped clientSessions cache from keycloak container
2020-05-15 10:14:51,648 INFO  [org.jboss.as.clustering.infinispan] (ServerService Thread Pool -- 99) WFLYCLINF0003: Stopped authenticationSessions cache from keycloak container
2020-05-15 10:14:51,649 INFO  [org.jboss.as.clustering.infinispan] (ServerService Thread Pool -- 98) WFLYCLINF0003: Stopped users cache from keycloak container
2020-05-15 10:14:51,653 INFO  [org.wildfly.extension.undertow] (MSC service thread 1-5) WFLYUT0008: Undertow HTTP listener default suspending
2020-05-15 10:14:51,656 INFO  [org.jboss.as.clustering.infinispan] (ServerService Thread Pool -- 100) WFLYCLINF0003: Stopped sessions cache from keycloak container
2020-05-15 10:14:51,649 INFO  [org.jboss.as.clustering.infinispan] (ServerService Thread Pool -- 102) WFLYCLINF0003: Stopped offlineClientSessions cache from keycloak container
2020-05-15 10:14:51,657 INFO  [org.jboss.as.clustering.infinispan] (ServerService Thread Pool -- 108) WFLYCLINF0003: Stopped actionTokens cache from keycloak container
2020-05-15 10:14:51,657 INFO  [org.wildfly.extension.undertow] (MSC service thread 1-5) WFLYUT0007: Undertow HTTP listener default stopped, was bound to 172.19.0.6:8880
2020-05-15 10:14:51,650 INFO  [org.jboss.as.clustering.infinispan] (ServerService Thread Pool -- 107) WFLYCLINF0003: Stopped offlineSessions cache from keycloak container
2020-05-15 10:14:51,665 INFO  [org.wildfly.extension.undertow] (MSC service thread 1-6) WFLYUT0004: Undertow 2.0.27.Final stopping
2020-05-15 10:14:51,667 INFO  [org.jboss.as.clustering.infinispan] (ServerService Thread Pool -- 104) WFLYCLINF0003: Stopped authorization cache from keycloak container
2020-05-15 10:14:51,673 INFO  [org.jboss.as.clustering.infinispan] (ServerService Thread Pool -- 106) WFLYCLINF0003: Stopped realms cache from keycloak container
2020-05-15 10:14:51,699 INFO  [org.jboss.as.server.deployment] (MSC service thread 1-2) WFLYSRV0028: Stopped deployment keycloak-server.war (runtime-name: keycloak-server.war) in 251ms
2020-05-15 10:14:51,732 INFO  [org.jboss.as] (MSC service thread 1-3) WFLYSRV0050: Keycloak 9.0.2 (WildFly Core 10.0.3.Final) stopped in 283ms
2020-05-15 10:15:54,503 INFO  [org.jboss.modules] (main) JBoss Modules version 1.9.1.Final
2020-05-15 10:15:55,467 INFO  [org.jboss.msc] (main) JBoss MSC version 1.4.11.Final
2020-05-15 10:15:55,483 INFO  [org.jboss.threads] (main) JBoss Threads version 2.3.3.Final
2020-05-15 10:15:55,697 INFO  [org.jboss.as] (MSC service thread 1-2) WFLYSRV0049: Keycloak 9.0.2 (WildFly Core 10.0.3.Final) starting
2020-05-15 10:15:55,699 DEBUG [org.jboss.as.config] (MSC service thread 1-2) Configured system properties:
	[Standalone] = 
	awt.toolkit = sun.awt.X11.XToolkit
	file.encoding = UTF-8
	file.separator = /
	java.awt.graphicsenv = sun.awt.X11GraphicsEnvironment
	java.awt.headless = true
	java.awt.printerjob = sun.print.PSPrinterJob
	java.class.path = /opt/keycloak/jboss-modules.jar
	java.class.version = 55.0
	java.home = /usr/local/openjdk-11
	java.io.tmpdir = /tmp
	java.library.path = /usr/java/packages/lib:/usr/lib64:/lib64:/lib:/usr/lib
	java.net.preferIPv4Stack = true
	java.runtime.name = OpenJDK Runtime Environment
	java.runtime.version = 11.0.6+10
	java.specification.name = Java Platform API Specification
	java.specification.vendor = Oracle Corporation
	java.specification.version = 11
	java.util.logging.manager = org.jboss.logmanager.LogManager
	java.vendor = Oracle Corporation
	java.vendor.url = http://java.oracle.com/
	java.vendor.url.bug = http://bugreport.java.com/bugreport/
	java.vendor.version = 18.9
	java.version = 11.0.6
	java.version.date = 2020-01-14
	java.vm.compressedOopsMode = 32-bit
	java.vm.info = mixed mode
	java.vm.name = OpenJDK 64-Bit Server VM
	java.vm.specification.name = Java Virtual Machine Specification
	java.vm.specification.vendor = Oracle Corporation
	java.vm.specification.version = 11
	java.vm.vendor = Oracle Corporation
	java.vm.version = 11.0.6+10
	javax.management.builder.initial = org.jboss.as.jmx.PluggableMBeanServerBuilder
	jboss.bind.address = 172.21.0.6
	jboss.bind.address.management = 172.21.0.6
	jboss.bind.address.private = 172.21.0.6
	jboss.home.dir = /opt/keycloak
	jboss.host.name = 99573236a53d
	jboss.http.port = 8880
	jboss.https.port = 8843
	jboss.jgroups.tcp.port = 7600
	jboss.management.http.port = 8990
	jboss.management.https.port = 9993
	jboss.modules.dir = /opt/keycloak/modules
	jboss.modules.system.pkgs = org.jboss.byteman
	jboss.node.name = 99573236a53d
	jboss.qualified.host.name = 99573236a53d
	jboss.server.base.dir = /opt/keycloak/standalone
	jboss.server.config.dir = /opt/keycloak/standalone/configuration
	jboss.server.data.dir = /opt/keycloak/standalone/data
	jboss.server.deploy.dir = /opt/keycloak/standalone/data/content
	jboss.server.log.dir = /opt/keycloak/standalone/log
	jboss.server.name = 99573236a53d
	jboss.server.persist.config = true
	jboss.server.temp.dir = /opt/keycloak/standalone/tmp
	jdk.debug = release
	keycloak.import = /opt/keycloak/standalone/configuration/dcm4che-realm.json
	line.separator = 

	logging.configuration = file:/opt/keycloak/standalone/configuration/logging.properties
	module.path = /opt/keycloak/modules
	org.jboss.boot.log.file = /opt/keycloak/standalone/log/server.log
	org.jboss.resolver.warning = true
	os.arch = amd64
	os.name = Linux
	os.version = 4.19.76-linuxkit
	path.separator = :
	sun.arch.data.model = 64
	sun.boot.library.path = /usr/local/openjdk-11/lib
	sun.cpu.endian = little
	sun.cpu.isalist = 
	sun.io.unicode.encoding = UnicodeLittle
	sun.java.command = /opt/keycloak/jboss-modules.jar -mp /opt/keycloak/modules org.jboss.as.standalone -Djboss.home.dir=/opt/keycloak -Djboss.server.base.dir=/opt/keycloak/standalone -c keycloak-logstash.xml -Djboss.bind.address=172.21.0.6 -Djboss.bind.address.management=172.21.0.6 -Djboss.bind.address.private=172.21.0.6 -Djboss.management.http.port=8990 -Djboss.management.https.port=9993 -Djboss.http.port=8880 -Djboss.https.port=8843 -Djboss.jgroups.tcp.port=7600 -Dkeycloak.import=/opt/keycloak/standalone/configuration/dcm4che-realm.json
	sun.java.launcher = SUN_STANDARD
	sun.jnu.encoding = UTF-8
	sun.management.compiler = HotSpot 64-Bit Tiered Compilers
	sun.os.patch.level = unknown
	user.dir = /
	user.home = /opt/keycloak
	user.language = en
	user.name = keycloak
	user.timezone = Etc/UTC
2020-05-15 10:15:55,704 DEBUG [org.jboss.as.config] (MSC service thread 1-2) VM Arguments: -D[Standalone] -Xms64m -Xmx512m -XX:MetaspaceSize=96M -XX:MaxMetaspaceSize=256m -Djava.net.preferIPv4Stack=true -Djboss.modules.system.pkgs=org.jboss.byteman -Djava.awt.headless=true --add-exports=java.base/sun.nio.ch=ALL-UNNAMED --add-exports=jdk.unsupported/sun.misc=ALL-UNNAMED --add-exports=jdk.unsupported/sun.reflect=ALL-UNNAMED -Dorg.jboss.boot.log.file=/opt/keycloak/standalone/log/server.log -Dlogging.configuration=file:/opt/keycloak/standalone/configuration/logging.properties 
2020-05-15 10:15:59,481 INFO  [org.wildfly.security] (ServerService Thread Pool -- 20) ELY00001: WildFly Elytron version 1.10.4.Final
2020-05-15 10:16:21,014 INFO  [org.jboss.as.server] (Controller Boot Thread) WFLYSRV0041: Creating http management service using socket-binding (management-http) and secure-socket-binding (management-https)
2020-05-15 10:16:21,037 WARN  [org.jboss.as.server] (Controller Boot Thread) WFLYSRV0035: No security realm or http server authentication defined for http management service; all access will be unrestricted.
2020-05-15 10:16:21,575 INFO  [org.xnio] (MSC service thread 1-8) XNIO version 3.7.3.Final
2020-05-15 10:16:21,675 INFO  [org.xnio.nio] (MSC service thread 1-8) XNIO NIO Implementation Version 3.7.3.Final
2020-05-15 10:16:22,327 INFO  [org.jboss.as.naming] (ServerService Thread Pool -- 43) WFLYNAM0001: Activating Naming Subsystem
2020-05-15 10:16:22,541 INFO  [org.jboss.as.clustering.infinispan] (ServerService Thread Pool -- 37) WFLYCLINF0001: Activating Infinispan subsystem.
2020-05-15 10:16:22,542 WARN  [org.jboss.as.txn] (ServerService Thread Pool -- 49) WFLYTX0013: The node-identifier attribute on the /subsystem=transactions is set to the default value. This is a danger for environments running multiple servers. Please make sure the attribute value is unique.
2020-05-15 10:16:22,732 INFO  [org.wildfly.extension.microprofile.config.smallrye._private] (ServerService Thread Pool -- 51) WFLYCONF0001: Activating WildFly MicroProfile Config Subsystem
2020-05-15 10:16:22,907 INFO  [org.jboss.as.security] (ServerService Thread Pool -- 48) WFLYSEC0002: Activating Security Subsystem
2020-05-15 10:16:23,267 INFO  [org.jboss.as.jaxrs] (ServerService Thread Pool -- 38) WFLYRS0016: RESTEasy version 3.9.1.Final
2020-05-15 10:16:23,541 INFO  [org.jboss.as.connector] (MSC service thread 1-2) WFLYJCA0009: Starting JCA Subsystem (WildFly/IronJacamar 1.4.17.Final)
2020-05-15 10:16:23,761 INFO  [org.jboss.as.security] (MSC service thread 1-5) WFLYSEC0001: Current PicketBox version=5.0.3.Final
2020-05-15 10:16:24,417 INFO  [org.wildfly.extension.microprofile.health.smallrye] (ServerService Thread Pool -- 52) WFLYHEALTH0001: Activating Eclipse MicroProfile Health Subsystem
2020-05-15 10:16:24,510 INFO  [org.wildfly.extension.io] (ServerService Thread Pool -- 36) WFLYIO001: Worker 'default' has auto-configured to 16 core threads with 128 task threads based on your 8 available processors
2020-05-15 10:16:24,869 INFO  [org.wildfly.extension.microprofile.metrics.smallrye] (ServerService Thread Pool -- 53) WFLYMETRICS0001: Activating Eclipse MicroProfile Metrics Subsystem
2020-05-15 10:16:26,253 INFO  [org.wildfly.extension.undertow] (MSC service thread 1-1) WFLYUT0003: Undertow 2.0.27.Final starting
2020-05-15 10:16:28,131 INFO  [org.jboss.as.naming] (MSC service thread 1-5) WFLYNAM0003: Starting Naming Service
2020-05-15 10:16:28,203 INFO  [org.jboss.as.mail.extension] (MSC service thread 1-1) WFLYMAIL0001: Bound mail session [java:jboss/mail/Default]
2020-05-15 10:16:28,618 WARN  [org.wildfly.clustering.web.undertow] (ServerService Thread Pool -- 54) WFLYCLWEBUT0007: No routing provider found for default-server; using legacy provider based on static configuration
2020-05-15 10:16:28,842 INFO  [org.jboss.as.connector.subsystems.datasources] (ServerService Thread Pool -- 32) WFLYJCA0004: Deploying JDBC-compliant driver class org.h2.Driver (version 1.4)
2020-05-15 10:16:29,710 INFO  [org.jboss.as.connector.deployers.jdbc] (MSC service thread 1-8) WFLYJCA0018: Started Driver service with driver-name = h2
2020-05-15 10:16:34,445 INFO  [org.jboss.remoting] (MSC service thread 1-2) JBoss Remoting version 5.0.15.Final
2020-05-15 10:16:53,044 INFO  [org.jboss.as.ejb3] (MSC service thread 1-4) WFLYEJB0481: Strict pool slsb-strict-max-pool is using a max instance size of 128 (per class), which is derived from thread worker pool sizing.
2020-05-15 10:16:53,044 INFO  [org.jboss.as.ejb3] (MSC service thread 1-1) WFLYEJB0482: Strict pool mdb-strict-max-pool is using a max instance size of 32 (per class), which is derived from the number of CPUs on this host.
2020-05-15 10:16:53,147 INFO  [org.wildfly.extension.undertow] (ServerService Thread Pool -- 54) WFLYUT0014: Creating file handler for path '/opt/keycloak/welcome-content' with options [directory-listing: 'false', follow-symlink: 'false', case-sensitive: 'true', safe-symlink-paths: '[]']
2020-05-15 10:16:53,357 INFO  [org.wildfly.extension.undertow] (MSC service thread 1-5) WFLYUT0012: Started server default-server.
2020-05-15 10:16:53,365 INFO  [org.wildfly.extension.undertow] (MSC service thread 1-4) WFLYUT0018: Host default-host starting
2020-05-15 10:16:53,763 INFO  [org.wildfly.extension.undertow] (MSC service thread 1-5) WFLYUT0006: Undertow HTTP listener default listening on 172.21.0.6:8880
2020-05-15 10:16:54,253 INFO  [org.wildfly.extension.undertow] (MSC service thread 1-7) WFLYUT0006: Undertow HTTPS listener https listening on 172.21.0.6:8843
2020-05-15 10:16:54,330 INFO  [org.jboss.as.ejb3] (MSC service thread 1-3) WFLYEJB0493: EJB subsystem suspension complete
2020-05-15 10:16:54,342 INFO  [org.jboss.as.patching] (MSC service thread 1-5) WFLYPAT0050: Keycloak cumulative patch ID is: base, one-off patches include: none
2020-05-15 10:16:54,389 WARN  [org.jboss.as.remoting] (MSC service thread 1-5) ****** All authentication is ANONYMOUS for org.jboss.as.remoting.RemotingHttpUpgradeService
2020-05-15 10:16:54,548 INFO  [org.jboss.as.server.deployment.scanner] (MSC service thread 1-3) WFLYDS0013: Started FileSystemDeploymentService for directory /opt/keycloak/standalone/deployments
2020-05-15 10:16:54,626 INFO  [org.jboss.as.server.deployment] (MSC service thread 1-6) WFLYSRV0027: Starting deployment of "keycloak-server.war" (runtime-name: "keycloak-server.war")
2020-05-15 10:16:54,662 INFO  [org.jboss.as.connector.subsystems.datasources] (MSC service thread 1-2) WFLYJCA0001: Bound data source [java:jboss/datasources/ExampleDS]
2020-05-15 10:16:54,675 INFO  [org.jboss.as.connector.subsystems.datasources] (MSC service thread 1-7) WFLYJCA0001: Bound data source [java:jboss/datasources/KeycloakDS]
2020-05-15 10:16:56,860 INFO  [org.infinispan.factories.GlobalComponentRegistry] (MSC service thread 1-1) ISPN000128: Infinispan version: Infinispan 'Infinity Minus ONE +2' 9.4.16.Final
2020-05-15 10:16:57,916 INFO  [org.jboss.as.clustering.infinispan] (ServerService Thread Pool -- 60) WFLYCLINF0002: Started offlineClientSessions cache from keycloak container
2020-05-15 10:16:57,921 INFO  [org.jboss.as.clustering.infinispan] (ServerService Thread Pool -- 68) WFLYCLINF0002: Started clientSessions cache from keycloak container
2020-05-15 10:16:57,929 INFO  [org.jboss.as.clustering.infinispan] (ServerService Thread Pool -- 58) WFLYCLINF0002: Started offlineSessions cache from keycloak container
2020-05-15 10:16:57,929 INFO  [org.jboss.as.clustering.infinispan] (ServerService Thread Pool -- 62) WFLYCLINF0002: Started loginFailures cache from keycloak container
2020-05-15 10:16:57,937 INFO  [org.jboss.as.clustering.infinispan] (ServerService Thread Pool -- 61) WFLYCLINF0002: Started actionTokens cache from keycloak container
2020-05-15 10:16:57,937 INFO  [org.jboss.as.clustering.infinispan] (ServerService Thread Pool -- 63) WFLYCLINF0002: Started authenticationSessions cache from keycloak container
2020-05-15 10:16:57,942 INFO  [org.jboss.as.clustering.infinispan] (ServerService Thread Pool -- 59) WFLYCLINF0002: Started sessions cache from keycloak container
2020-05-15 10:16:57,943 INFO  [org.jboss.as.clustering.infinispan] (ServerService Thread Pool -- 69) WFLYCLINF0002: Started work cache from keycloak container
2020-05-15 10:16:57,944 INFO  [org.jboss.as.clustering.infinispan] (ServerService Thread Pool -- 65) WFLYCLINF0002: Started realms cache from keycloak container
2020-05-15 10:16:57,945 INFO  [org.jboss.as.clustering.infinispan] (ServerService Thread Pool -- 66) WFLYCLINF0002: Started authorization cache from keycloak container
2020-05-15 10:16:57,945 INFO  [org.jboss.as.clustering.infinispan] (ServerService Thread Pool -- 64) WFLYCLINF0002: Started users cache from keycloak container
2020-05-15 10:16:57,945 INFO  [org.jboss.as.clustering.infinispan] (ServerService Thread Pool -- 67) WFLYCLINF0002: Started keys cache from keycloak container
2020-05-15 10:16:58,202 INFO  [org.jboss.as.clustering.infinispan] (ServerService Thread Pool -- 70) WFLYCLINF0002: Started client-mappings cache from ejb container
2020-05-15 10:16:58,290 WARN  [org.jboss.as.server.deployment] (MSC service thread 1-4) WFLYSRV0273: Excluded subsystem webservices via jboss-deployment-structure.xml does not exist.
2020-05-15 10:17:00,631 INFO  [org.keycloak.services] (ServerService Thread Pool -- 66) KC-SERVICES0001: Loading config from standalone.xml or domain.xml
2020-05-15 10:17:01,965 WARN  [org.keycloak.services] (ServerService Thread Pool -- 66) KC-SERVICES0047: dcm4che-audit (org.dcm4che3.audit.keycloak.Dcm4cheEventListenerProviderFactory) is implementing the internal SPI eventsListener. This SPI is internal and may change without notice
2020-05-15 10:17:02,130 INFO  [org.jboss.as.clustering.infinispan] (ServerService Thread Pool -- 66) WFLYCLINF0002: Started realmRevisions cache from keycloak container
2020-05-15 10:17:02,142 INFO  [org.jboss.as.clustering.infinispan] (ServerService Thread Pool -- 66) WFLYCLINF0002: Started userRevisions cache from keycloak container
2020-05-15 10:17:02,166 INFO  [org.jboss.as.clustering.infinispan] (ServerService Thread Pool -- 66) WFLYCLINF0002: Started authorizationRevisions cache from keycloak container
2020-05-15 10:17:02,170 INFO  [org.keycloak.connections.infinispan.DefaultInfinispanConnectionProviderFactory] (ServerService Thread Pool -- 66) Node name: 99573236a53d, Site name: null
2020-05-15 10:17:08,356 INFO  [org.hibernate.jpa.internal.util.LogHelper] (ServerService Thread Pool -- 66) HHH000204: Processing PersistenceUnitInfo [
	name: keycloak-default
	...]
2020-05-15 10:17:08,586 INFO  [org.hibernate.Version] (ServerService Thread Pool -- 66) HHH000412: Hibernate Core {5.3.13.Final}
2020-05-15 10:17:08,590 INFO  [org.hibernate.cfg.Environment] (ServerService Thread Pool -- 66) HHH000206: hibernate.properties not found
2020-05-15 10:17:09,154 INFO  [org.hibernate.annotations.common.Version] (ServerService Thread Pool -- 66) HCANN000001: Hibernate Commons Annotations {5.0.5.Final}
2020-05-15 10:17:09,722 INFO  [org.hibernate.dialect.Dialect] (ServerService Thread Pool -- 66) HHH000400: Using dialect: org.hibernate.dialect.H2Dialect
2020-05-15 10:17:09,737 WARN  [org.hibernate.dialect.H2Dialect] (ServerService Thread Pool -- 66) HHH000431: Unable to determine H2 database version, certain features may not work
2020-05-15 10:17:09,928 INFO  [org.hibernate.envers.boot.internal.EnversServiceImpl] (ServerService Thread Pool -- 66) Envers integration enabled? : true
2020-05-15 10:17:11,096 INFO  [org.hibernate.orm.beans] (ServerService Thread Pool -- 66) HHH10005002: No explicit CDI BeanManager reference was passed to Hibernate, but CDI is available on the Hibernate ClassLoader.
2020-05-15 10:17:11,445 INFO  [org.hibernate.validator.internal.util.Version] (ServerService Thread Pool -- 66) HV000001: Hibernate Validator 6.0.18.Final
2020-05-15 10:17:14,092 INFO  [org.hibernate.hql.internal.QueryTranslatorFactoryInitiator] (ServerService Thread Pool -- 66) HHH000397: Using ASTQueryTranslatorFactory
2020-05-15 10:17:15,991 INFO  [org.keycloak.services] (ServerService Thread Pool -- 66) KC-SERVICES0003: Not importing realm dcm4che from file /opt/keycloak/standalone/configuration/dcm4che-realm.json.  It already exists.
2020-05-15 10:17:16,007 INFO  [org.keycloak.services] (ServerService Thread Pool -- 66) KC-SERVICES0003: Not importing realm dcm4che from file /opt/keycloak/standalone/configuration/dcm4che-realm.json.  It already exists.
2020-05-15 10:17:16,139 INFO  [org.jboss.resteasy.resteasy_jaxrs.i18n] (ServerService Thread Pool -- 66) RESTEASY002225: Deploying javax.ws.rs.core.Application: class org.keycloak.services.resources.KeycloakApplication
2020-05-15 10:17:16,143 INFO  [org.jboss.resteasy.resteasy_jaxrs.i18n] (ServerService Thread Pool -- 66) RESTEASY002205: Adding provider class org.keycloak.services.filters.KeycloakTransactionCommitter from Application class org.keycloak.services.resources.KeycloakApplication
2020-05-15 10:17:16,145 INFO  [org.jboss.resteasy.resteasy_jaxrs.i18n] (ServerService Thread Pool -- 66) RESTEASY002200: Adding class resource org.keycloak.services.resources.ThemeResource from Application class org.keycloak.services.resources.KeycloakApplication
2020-05-15 10:17:16,146 INFO  [org.jboss.resteasy.resteasy_jaxrs.i18n] (ServerService Thread Pool -- 66) RESTEASY002205: Adding provider class org.keycloak.services.error.KeycloakErrorHandler from Application class org.keycloak.services.resources.KeycloakApplication
2020-05-15 10:17:16,147 INFO  [org.jboss.resteasy.resteasy_jaxrs.i18n] (ServerService Thread Pool -- 66) RESTEASY002200: Adding class resource org.keycloak.services.resources.JsResource from Application class org.keycloak.services.resources.KeycloakApplication
2020-05-15 10:17:16,147 INFO  [org.jboss.resteasy.resteasy_jaxrs.i18n] (ServerService Thread Pool -- 66) RESTEASY002210: Adding provider singleton org.keycloak.services.util.ObjectMapperResolver from Application class org.keycloak.services.resources.KeycloakApplication
2020-05-15 10:17:16,148 INFO  [org.jboss.resteasy.resteasy_jaxrs.i18n] (ServerService Thread Pool -- 66) RESTEASY002220: Adding singleton resource org.keycloak.services.resources.RealmsResource from Application class org.keycloak.services.resources.KeycloakApplication
2020-05-15 10:17:16,149 INFO  [org.jboss.resteasy.resteasy_jaxrs.i18n] (ServerService Thread Pool -- 66) RESTEASY002220: Adding singleton resource org.keycloak.services.resources.admin.AdminRoot from Application class org.keycloak.services.resources.KeycloakApplication
2020-05-15 10:17:16,149 INFO  [org.jboss.resteasy.resteasy_jaxrs.i18n] (ServerService Thread Pool -- 66) RESTEASY002220: Adding singleton resource org.keycloak.services.resources.RobotsResource from Application class org.keycloak.services.resources.KeycloakApplication
2020-05-15 10:17:16,150 INFO  [org.jboss.resteasy.resteasy_jaxrs.i18n] (ServerService Thread Pool -- 66) RESTEASY002220: Adding singleton resource org.keycloak.services.resources.WelcomeResource from Application class org.keycloak.services.resources.KeycloakApplication
2020-05-15 10:17:16,343 INFO  [org.wildfly.extension.undertow] (ServerService Thread Pool -- 66) WFLYUT0021: Registered web context: '/auth' for server 'default-server'
2020-05-15 10:17:16,627 INFO  [org.jboss.as.server] (ServerService Thread Pool -- 55) WFLYSRV0010: Deployed "keycloak-server.war" (runtime-name : "keycloak-server.war")
2020-05-15 10:17:16,754 INFO  [org.jboss.as.server] (Controller Boot Thread) WFLYSRV0212: Resuming server
2020-05-15 10:17:16,760 INFO  [org.jboss.as] (Controller Boot Thread) WFLYSRV0062: Http management interface listening on http://172.21.0.6:8990/management and https://172.21.0.6:9993/management
2020-05-15 10:17:16,761 INFO  [org.jboss.as] (Controller Boot Thread) WFLYSRV0053: Admin console listening on http://172.21.0.6:8990 and https://172.21.0.6:9993
2020-05-15 10:17:16,761 INFO  [org.jboss.as] (Controller Boot Thread) WFLYSRV0025: Keycloak 9.0.2 (WildFly Core 10.0.3.Final) started in 83245ms - Started 594 of 888 services (600 services are lazy, passive or on-demand)
2020-05-15 10:17:16,928 WARN  [org.keycloak.url.RequestHostnameProviderFactory] (default task-1) request hostname provider is deprecated, please switch to the default hostname provider
2020-05-15 10:17:31,017 INFO  [org.keycloak.storage.ldap.LDAPIdentityStoreRegistry] (default task-22) Creating new LDAP Store for the LDAP storage provider: 'ldap', LDAP Configuration: {fullSyncPeriod=[-1], pagination=[true], usersDn=[ou=users,dc=dcm4che,dc=org], connectionPooling=[true], cachePolicy=[DEFAULT], useKerberosForPasswordAuthentication=[false], importEnabled=[true], changedSyncPeriod=[-1], bindDn=[cn=admin,dc=dcm4che,dc=org], usernameLDAPAttribute=[uid], lastSync=[1502608592], vendor=[other], uuidLDAPAttribute=[entryUUID], allowKerberosAuthentication=[false], connectionUrl=[ldap://ldap:389], syncRegistrations=[true], authType=[simple], debug=[false], searchScope=[1], useTruststoreSpi=[ldapsOnly], priority=[0], userObjectClasses=[inetOrgPerson, organizationalPerson], rdnLDAPAttribute=[uid], editMode=[WRITABLE], validatePasswordPolicy=[false], batchSizeForSync=[1000]}, binaryAttributes: []
2020-05-15 10:17:31,844 INFO  [org.dcm4che3.net.Connection] (default task-22) Initiate connection from /0.0.0.0:0 to logstash:8514
2020-05-15 10:17:31,845 INFO  [org.dcm4che3.net.Connection] (default task-22) Established connection Socket[addr=logstash/172.21.0.5,port=8514,localport=56205]
2020-05-15 10:17:31,846 INFO  [org.dcm4che3.net.audit.AuditLogger] (default task-22) Send audit message to Socket[addr=logstash/172.21.0.5,port=8514,localport=56205]
2020-05-15 10:17:31,848 INFO  [stdout] (default task-22) log send status: SENT
2020-05-15 10:17:31,986 INFO  [org.dcm4che3.net.audit.AuditLogger] (default task-22) Send audit message to Socket[addr=logstash/172.21.0.5,port=8514,localport=56205]
2020-05-15 10:17:31,987 INFO  [stdout] (default task-22) log send status: SENT
2020-05-15 10:17:46,552 INFO  [org.dcm4che3.net.Connection] (default task-18) Initiate connection from /0.0.0.0:0 to logstash:8514
2020-05-15 10:17:46,553 INFO  [org.dcm4che3.net.Connection] (default task-18) Established connection Socket[addr=logstash/172.21.0.5,port=8514,localport=57125]
2020-05-15 10:17:46,554 INFO  [org.dcm4che3.net.audit.AuditLogger] (default task-18) Send audit message to Socket[addr=logstash/172.21.0.5,port=8514,localport=57125]
2020-05-15 10:17:46,555 INFO  [stdout] (default task-18) log send status: SENT
2020-05-15 10:17:55,870 INFO  [org.dcm4che3.net.Connection] (default task-16) Initiate connection from /0.0.0.0:0 to logstash:8514
2020-05-15 10:17:55,870 INFO  [org.dcm4che3.net.Connection] (default task-16) Established connection Socket[addr=logstash/172.21.0.5,port=8514,localport=38137]
2020-05-15 10:17:55,870 INFO  [org.dcm4che3.net.audit.AuditLogger] (default task-16) Send audit message to Socket[addr=logstash/172.21.0.5,port=8514,localport=38137]
2020-05-15 10:17:55,871 INFO  [stdout] (default task-16) log send status: SENT
2020-05-15 10:17:55,874 INFO  [org.dcm4che3.net.audit.AuditLogger] (default task-16) Send audit message to Socket[addr=logstash/172.21.0.5,port=8514,localport=38137]
2020-05-15 10:17:55,874 INFO  [stdout] (default task-16) log send status: SENT
2020-05-15 10:18:18,745 INFO  [org.dcm4che3.net.Connection] (default task-16) Initiate connection from /0.0.0.0:0 to logstash:8514
2020-05-15 10:18:18,747 INFO  [org.dcm4che3.net.Connection] (default task-16) Established connection Socket[addr=logstash/172.21.0.5,port=8514,localport=32881]
2020-05-15 10:18:18,747 INFO  [org.dcm4che3.net.audit.AuditLogger] (default task-16) Send audit message to Socket[addr=logstash/172.21.0.5,port=8514,localport=32881]
2020-05-15 10:18:18,749 INFO  [stdout] (default task-16) log send status: SENT
2020-05-15 10:18:18,752 INFO  [org.dcm4che3.net.audit.AuditLogger] (default task-16) Send audit message to Socket[addr=logstash/172.21.0.5,port=8514,localport=32881]
2020-05-15 10:18:18,753 INFO  [stdout] (default task-16) log send status: SENT
2020-05-15 10:18:34,951 INFO  [org.dcm4che3.net.Connection] (default task-13) Initiate connection from /0.0.0.0:0 to logstash:8514
2020-05-15 10:18:34,952 INFO  [org.dcm4che3.net.Connection] (default task-13) Established connection Socket[addr=logstash/172.21.0.5,port=8514,localport=33745]
2020-05-15 10:18:34,953 INFO  [org.dcm4che3.net.audit.AuditLogger] (default task-13) Send audit message to Socket[addr=logstash/172.21.0.5,port=8514,localport=33745]
2020-05-15 10:18:34,953 INFO  [stdout] (default task-13) log send status: SENT
2020-05-15 10:18:34,956 INFO  [org.dcm4che3.net.audit.AuditLogger] (default task-13) Send audit message to Socket[addr=logstash/172.21.0.5,port=8514,localport=33745]
2020-05-15 10:18:34,956 INFO  [stdout] (default task-13) log send status: SENT
